{"numFailedTestSuites":0,"numFailedTests":0,"numPassedTestSuites":2,"numPassedTests":21,"numPendingTestSuites":0,"numPendingTests":0,"numRuntimeErrorTestSuites":0,"numTodoTests":0,"numTotalTestSuites":2,"numTotalTests":21,"openHandles":[],"snapshot":{"added":0,"didUpdate":false,"failure":false,"filesAdded":0,"filesRemoved":0,"filesRemovedList":[],"filesUnmatched":0,"filesUpdated":0,"matched":0,"total":0,"unchecked":0,"uncheckedKeysByFile":[],"unmatched":0,"updated":0},"startTime":1747792937942,"success":true,"testResults":[{"assertionResults":[{"ancestorTitles":["EchoPreCalculatorClass - Dead Volume Logic","Initial Dead Volume Calculation"],"duration":10,"failureDetails":[],"failureMessages":[],"fullName":"EchoPreCalculatorClass - Dead Volume Logic Initial Dead Volume Calculation should set dead volume to 2500 nL if all compound volumes are <= 15 µL for a plate","invocations":1,"location":null,"numPassingAsserts":1,"retryReasons":[],"status":"passed","title":"should set dead volume to 2500 nL if all compound volumes are <= 15 µL for a plate"},{"ancestorTitles":["EchoPreCalculatorClass - Dead Volume Logic","Initial Dead Volume Calculation"],"duration":0,"failureDetails":[],"failureMessages":[],"fullName":"EchoPreCalculatorClass - Dead Volume Logic Initial Dead Volume Calculation should set dead volume to 15000 nL if any compound volume is > 15 µL for a plate","invocations":1,"location":null,"numPassingAsserts":1,"retryReasons":[],"status":"passed","title":"should set dead volume to 15000 nL if any compound volume is > 15 µL for a plate"},{"ancestorTitles":["EchoPreCalculatorClass - Dead Volume Logic","Initial Dead Volume Calculation"],"duration":2,"failureDetails":[],"failureMessages":[],"fullName":"EchoPreCalculatorClass - Dead Volume Logic Initial Dead Volume Calculation should correctly set dead volumes for multiple plates with different conditions","invocations":1,"location":null,"numPassingAsserts":3,"retryReasons":[],"status":"passed","title":"should correctly set dead volumes for multiple plates with different conditions"},{"ancestorTitles":["EchoPreCalculatorClass - Dead Volume Logic","Initial Dead Volume Calculation"],"duration":1,"failureDetails":[],"failureMessages":[],"fullName":"EchoPreCalculatorClass - Dead Volume Logic Initial Dead Volume Calculation should handle a source plate with no compounds (empty plateDeadVolumes for it)","invocations":1,"location":null,"numPassingAsserts":3,"retryReasons":[],"status":"passed","title":"should handle a source plate with no compounds (empty plateDeadVolumes for it)"},{"ancestorTitles":["EchoPreCalculatorClass - Dead Volume Logic","Initial Dead Volume Calculation"],"duration":2,"failureDetails":[],"failureMessages":[],"fullName":"EchoPreCalculatorClass - Dead Volume Logic Initial Dead Volume Calculation should default to 2500nL if compound volume is exactly 15µL","invocations":1,"location":null,"numPassingAsserts":1,"retryReasons":[],"status":"passed","title":"should default to 2500nL if compound volume is exactly 15µL"},{"ancestorTitles":["EchoPreCalculatorClass - Dead Volume Logic","checkSourceVolumes with Per-Plate Dead Volumes"],"duration":5,"failureDetails":[],"failureMessages":[],"fullName":"EchoPreCalculatorClass - Dead Volume Logic checkSourceVolumes with Per-Plate Dead Volumes should pass if available volume (after per-plate dead volume) is sufficient","invocations":1,"location":null,"numPassingAsserts":1,"retryReasons":[],"status":"passed","title":"should pass if available volume (after per-plate dead volume) is sufficient"},{"ancestorTitles":["EchoPreCalculatorClass - Dead Volume Logic","checkSourceVolumes with Per-Plate Dead Volumes"],"duration":11,"failureDetails":[],"failureMessages":[],"fullName":"EchoPreCalculatorClass - Dead Volume Logic checkSourceVolumes with Per-Plate Dead Volumes should issue a warning if available volume (after per-plate dead volume) is insufficient","invocations":1,"location":null,"numPassingAsserts":2,"retryReasons":[],"status":"passed","title":"should issue a warning if available volume (after per-plate dead volume) is insufficient"},{"ancestorTitles":["EchoPreCalculatorClass - Dead Volume Logic","checkSourceVolumes with Per-Plate Dead Volumes"],"duration":3,"failureDetails":[],"failureMessages":[],"fullName":"EchoPreCalculatorClass - Dead Volume Logic checkSourceVolumes with Per-Plate Dead Volumes should use dropletSize as dead volume if plate barcode is unexpectedly missing from plateDeadVolumes","invocations":1,"location":null,"numPassingAsserts":3,"retryReasons":[],"status":"passed","title":"should use dropletSize as dead volume if plate barcode is unexpectedly missing from plateDeadVolumes"},{"ancestorTitles":["EchoPreCalculatorClass - Dead Volume Logic","checkSourceVolumes with Per-Plate Dead Volumes"],"duration":3,"failureDetails":[],"failureMessages":[],"fullName":"EchoPreCalculatorClass - Dead Volume Logic checkSourceVolumes with Per-Plate Dead Volumes should correctly use different dead volumes for different plates in checkSourceVolumes","invocations":1,"location":null,"numPassingAsserts":3,"retryReasons":[],"status":"passed","title":"should correctly use different dead volumes for different plates in checkSourceVolumes"},{"ancestorTitles":["EchoPreCalculatorClass - Dead Volume Logic","updateDeadVolume Method"],"duration":14,"failureDetails":[],"failureMessages":[],"fullName":"EchoPreCalculatorClass - Dead Volume Logic updateDeadVolume Method should update plateDeadVolumes for the specified barcode","invocations":1,"location":null,"numPassingAsserts":2,"retryReasons":[],"status":"passed","title":"should update plateDeadVolumes for the specified barcode"},{"ancestorTitles":["EchoPreCalculatorClass - Dead Volume Logic","updateDeadVolume Method"],"duration":4,"failureDetails":[],"failureMessages":[],"fullName":"EchoPreCalculatorClass - Dead Volume Logic updateDeadVolume Method should re-run calculateNeeds (implicitly checking source volumes again)","invocations":1,"location":null,"numPassingAsserts":4,"retryReasons":[],"status":"passed","title":"should re-run calculateNeeds (implicitly checking source volumes again)"},{"ancestorTitles":["EchoPreCalculatorClass - Dead Volume Logic","updateDeadVolume Method"],"duration":1,"failureDetails":[],"failureMessages":[],"fullName":"EchoPreCalculatorClass - Dead Volume Logic updateDeadVolume Method should handle updating dead volume for a plate not initially present (should not error, effectively adds it)","invocations":1,"location":null,"numPassingAsserts":3,"retryReasons":[],"status":"passed","title":"should handle updating dead volume for a plate not initially present (should not error, effectively adds it)"}],"endTime":1747792944316,"message":"","name":"/app/src/pages/EchoTransfer/classes/__tests__/EchoPreCalculatorClass.test.ts","startTime":1747792939536,"status":"passed","summary":""},{"assertionResults":[{"ancestorTitles":["CheckpointDisplayModal - Dead Volume Functionality","Display of Dead Volumes"],"duration":197,"failureDetails":[],"failureMessages":[],"fullName":"CheckpointDisplayModal - Dead Volume Functionality Display of Dead Volumes should display the \"Source Plate Dead Volumes\" section if echoPreCalc has plateDeadVolumes","invocations":1,"location":null,"numPassingAsserts":1,"retryReasons":[],"status":"passed","title":"should display the \"Source Plate Dead Volumes\" section if echoPreCalc has plateDeadVolumes"},{"ancestorTitles":["CheckpointDisplayModal - Dead Volume Functionality","Display of Dead Volumes"],"duration":61,"failureDetails":[],"failureMessages":[],"fullName":"CheckpointDisplayModal - Dead Volume Functionality Display of Dead Volumes should not display the section if echoPreCalc is null or plateDeadVolumes is empty/null","invocations":1,"location":null,"numPassingAsserts":2,"retryReasons":[],"status":"passed","title":"should not display the section if echoPreCalc is null or plateDeadVolumes is empty/null"},{"ancestorTitles":["CheckpointDisplayModal - Dead Volume Functionality","Display of Dead Volumes"],"duration":57,"failureDetails":[],"failureMessages":[],"fullName":"CheckpointDisplayModal - Dead Volume Functionality Display of Dead Volumes should render input fields for each plate barcode and display correct dead volume in µL","invocations":1,"location":null,"numPassingAsserts":4,"retryReasons":[],"status":"passed","title":"should render input fields for each plate barcode and display correct dead volume in µL"},{"ancestorTitles":["CheckpointDisplayModal - Dead Volume Functionality","Editing Dead Volumes"],"duration":59,"failureDetails":[],"failureMessages":[],"fullName":"CheckpointDisplayModal - Dead Volume Functionality Editing Dead Volumes should update internal state (editableDeadVolumes) on input change","invocations":1,"location":null,"numPassingAsserts":2,"retryReasons":[],"status":"passed","title":"should update internal state (editableDeadVolumes) on input change"},{"ancestorTitles":["CheckpointDisplayModal - Dead Volume Functionality","Editing Dead Volumes"],"duration":51,"failureDetails":[],"failureMessages":[],"fullName":"CheckpointDisplayModal - Dead Volume Functionality Editing Dead Volumes should not allow negative values in dead volume input","invocations":1,"location":null,"numPassingAsserts":2,"retryReasons":[],"status":"passed","title":"should not allow negative values in dead volume input"},{"ancestorTitles":["CheckpointDisplayModal - Dead Volume Functionality","\"Update Dead Volumes\" Button Click"],"duration":53,"failureDetails":[],"failureMessages":[],"fullName":"CheckpointDisplayModal - Dead Volume Functionality \"Update Dead Volumes\" Button Click should call echoPreCalc.updateDeadVolume for changed volumes","invocations":1,"location":null,"numPassingAsserts":2,"retryReasons":[],"status":"passed","title":"should call echoPreCalc.updateDeadVolume for changed volumes"},{"ancestorTitles":["CheckpointDisplayModal - Dead Volume Functionality","\"Update Dead Volumes\" Button Click"],"duration":48,"failureDetails":[],"failureMessages":[],"fullName":"CheckpointDisplayModal - Dead Volume Functionality \"Update Dead Volumes\" Button Click should call setEchoPreCalc and setCheckpointTracker if changes were made","invocations":1,"location":null,"numPassingAsserts":4,"retryReasons":[],"status":"passed","title":"should call setEchoPreCalc and setCheckpointTracker if changes were made"},{"ancestorTitles":["CheckpointDisplayModal - Dead Volume Functionality","\"Update Dead Volumes\" Button Click"],"duration":43,"failureDetails":[],"failureMessages":[],"fullName":"CheckpointDisplayModal - Dead Volume Functionality \"Update Dead Volumes\" Button Click should NOT call setEchoPreCalc or setCheckpointTracker if NO changes were made","invocations":1,"location":null,"numPassingAsserts":3,"retryReasons":[],"status":"passed","title":"should NOT call setEchoPreCalc or setCheckpointTracker if NO changes were made"},{"ancestorTitles":["CheckpointDisplayModal - Dead Volume Functionality","\"Update Dead Volumes\" Button Click"],"duration":50,"failureDetails":[],"failureMessages":[],"fullName":"CheckpointDisplayModal - Dead Volume Functionality \"Update Dead Volumes\" Button Click should correctly use the updated checkpointTracker from the modified echoPreCalc instance","invocations":1,"location":null,"numPassingAsserts":2,"retryReasons":[],"status":"passed","title":"should correctly use the updated checkpointTracker from the modified echoPreCalc instance"}],"endTime":1747792946952,"message":"","name":"/app/src/pages/EchoTransfer/components/__tests__/CheckpointDisplayModal.test.tsx","startTime":1747792939609,"status":"passed","summary":""}],"wasInterrupted":false}
